{
  "RSpec": {
    "coverage": {
      "/Users/alexnkusi/Desktop/todo_api/spec/requests/items_spec.rb": [
        1,
        null,
        1,
        null,
        17,
        null,
        17,
        null,
        15,
        6,
        null,
        null,
        1,
        null,
        5,
        1,
        1,
        1,
        null,
        1,
        1,
        null,
        null,
        1,
        3,
        1,
        1,
        null,
        1,
        1,
        null,
        null,
        null,
        null,
        1,
        5,
        1,
        1,
        1,
        null,
        1,
        1,
        null,
        null,
        1,
        3,
        1,
        1,
        null,
        1,
        1,
        null,
        null,
        null,
        null,
        1,
        2,
        1,
        2,
        1,
        1,
        null,
        null,
        1,
        3,
        1,
        1,
        null,
        1,
        1,
        null,
        null,
        null,
        null,
        1,
        5,
        5,
        1,
        1,
        1,
        null,
        1,
        1,
        1,
        null,
        null,
        1,
        3,
        1,
        1,
        null,
        1,
        1,
        null,
        null,
        null,
        null,
        1,
        2,
        1,
        1,
        null,
        null,
        null
      ],
      "/Users/alexnkusi/Desktop/todo_api/spec/rails_helper.rb": [
        null,
        1,
        1,
        1,
        1,
        null,
        1,
        1,
        null,
        null,
        1,
        1,
        1,
        1,
        null,
        null,
        null,
        null,
        null,
        null,
        null,
        null,
        null,
        null,
        null,
        null,
        null,
        null,
        null,
        null,
        null,
        2,
        null,
        null,
        null,
        1,
        1,
        null,
        0,
        0,
        null,
        1,
        null,
        null,
        1,
        null,
        null,
        1,
        null,
        null,
        null,
        null,
        null,
        1,
        null,
        null,
        1,
        null,
        null,
        1,
        1,
        1,
        null,
        null,
        1,
        16,
        16,
        null,
        null,
        null,
        null,
        null,
        null,
        null,
        null,
        null,
        null,
        null,
        null,
        null,
        null,
        null,
        null,
        1,
        null,
        null,
        1,
        null,
        null,
        null
      ],
      "/Users/alexnkusi/Desktop/todo_api/config/environment.rb": [
        null,
        1,
        null,
        null,
        1
      ],
      "/Users/alexnkusi/Desktop/todo_api/config/application.rb": [
        1,
        null,
        1,
        null,
        1,
        1,
        1,
        1,
        1,
        1,
        1,
        1,
        null,
        null,
        null,
        null,
        null,
        1,
        null,
        1,
        1,
        null,
        1,
        null,
        null,
        null,
        null,
        null,
        null,
        null,
        null,
        null,
        1,
        null,
        null
      ],
      "/Users/alexnkusi/Desktop/todo_api/config/boot.rb": [
        1,
        null,
        1,
        1
      ],
      "/Users/alexnkusi/Desktop/todo_api/config/environments/test.rb": [
        1,
        null,
        null,
        null,
        null,
        null,
        null,
        1,
        null,
        null,
        null,
        null,
        1,
        null,
        null,
        1,
        1,
        null,
        null,
        null,
        null,
        1,
        1,
        null,
        null,
        1,
        null,
        null,
        1,
        null,
        null,
        1,
        null,
        1,
        null,
        null,
        null,
        null,
        1,
        null,
        null,
        1,
        null,
        null,
        null,
        null
      ],
      "/Users/alexnkusi/Desktop/todo_api/config/initializers/application_controller_renderer.rb": [
        null,
        null,
        null,
        null,
        null,
        null,
        null,
        null
      ],
      "/Users/alexnkusi/Desktop/todo_api/config/initializers/backtrace_silencers.rb": [
        null,
        null,
        null,
        null,
        null,
        null,
        null
      ],
      "/Users/alexnkusi/Desktop/todo_api/config/initializers/cors.rb": [
        null,
        null,
        null,
        null,
        null,
        null,
        null,
        null,
        null,
        null,
        null,
        null,
        null,
        null,
        null,
        null
      ],
      "/Users/alexnkusi/Desktop/todo_api/config/initializers/filter_parameter_logging.rb": [
        null,
        null,
        null,
        1
      ],
      "/Users/alexnkusi/Desktop/todo_api/config/initializers/inflections.rb": [
        null,
        null,
        null,
        null,
        null,
        null,
        null,
        null,
        null,
        null,
        null,
        null,
        null,
        null,
        null,
        null
      ],
      "/Users/alexnkusi/Desktop/todo_api/config/initializers/mime_types.rb": [
        null,
        null,
        null,
        null
      ],
      "/Users/alexnkusi/Desktop/todo_api/config/initializers/wrap_parameters.rb": [
        null,
        null,
        null,
        null,
        null,
        null,
        1,
        2,
        null,
        null,
        null,
        null,
        null,
        null
      ],
      "/Users/alexnkusi/Desktop/todo_api/spec/factories/items.rb": [
        1,
        1,
        321,
        1,
        1,
        null,
        null
      ],
      "/Users/alexnkusi/Desktop/todo_api/spec/factories/todos.rb": [
        1,
        1,
        17,
        17,
        null,
        null
      ],
      "/Users/alexnkusi/Desktop/todo_api/config/routes.rb": [
        1,
        null,
        null,
        1,
        1,
        null,
        null
      ],
      "/Users/alexnkusi/Desktop/todo_api/spec/support/request_spec_helper.rb": [
        1,
        null,
        1,
        2,
        null,
        null
      ],
      "/Users/alexnkusi/Desktop/todo_api/app/models/todo.rb": [
        1,
        null,
        1,
        null,
        1,
        null
      ],
      "/Users/alexnkusi/Desktop/todo_api/app/models/application_record.rb": [
        1,
        1,
        null
      ],
      "/Users/alexnkusi/Desktop/todo_api/app/models/item.rb": [
        1,
        null,
        1,
        null,
        1,
        null
      ],
      "/Users/alexnkusi/Desktop/todo_api/app/controllers/items_controller.rb": [
        1,
        1,
        1,
        null,
        null,
        1,
        2,
        null,
        null,
        null,
        1,
        2,
        null,
        null,
        1,
        3,
        1,
        null,
        null,
        null,
        1,
        2,
        2,
        null,
        null,
        1,
        1,
        1,
        null,
        1,
        1,
        5,
        null,
        1,
        16,
        null,
        1,
        9,
        null,
        null
      ],
      "/Users/alexnkusi/Desktop/todo_api/app/controllers/application_controller.rb": [
        1,
        1,
        1,
        null
      ],
      "/Users/alexnkusi/Desktop/todo_api/app/controllers/concerns/response.rb": [
        1,
        1,
        13,
        null,
        null
      ],
      "/Users/alexnkusi/Desktop/todo_api/app/controllers/concerns/exception_handler.rb": [
        1,
        null,
        1,
        1,
        1,
        6,
        null,
        null,
        1,
        2,
        null,
        null,
        null
      ]
    },
    "timestamp": 1543579222
  }
}
